[2023-08-14 15:55:01] : Begin
--------------------
*MCUTYPE* : STC89C52RC/LE52RC
*MCUID* : F002C5290E7AA9
*FILENAME* : C:\WorkSpace\project\AirV\code\stu\stepmotor1\Objects\stepmotor1.hex
*FILETIME* : 2023年08月14日, 15:54:45
*FILESIZE* : 94 (0x00005E)
*CODESIZE* : 2066 (0x000812)
*CHECKSUM* : 0x0007FF05
*ISPMODE* : 2
*ISPRESULT* : 0
--------------------
[2023-08-14 15:55:27] : End
--------------------------------------------------
[2023-08-14 16:01:56] : Begin
--------------------
*MCUTYPE* : STC89C52RC/LE52RC
*MCUID* : F002C5290E7AA9
*FILENAME* : C:\WorkSpace\project\AirV\code\stu\stepmotor1\Objects\stepmotor1.hex
*FILETIME* : 2023年08月14日, 16:01:12
*FILESIZE* : 94 (0x00005E)
*CODESIZE* : 2066 (0x000812)
*CHECKSUM* : 0x0007FF05
*ISPMODE* : 2
*ISPRESULT* : 0
--------------------
[2023-08-14 16:02:02] : End
--------------------------------------------------
[2023-08-14 16:20:27] : Begin
--------------------
*MCUTYPE* : STC89C52RC/LE52RC
*MCUID* : F002C5290E7AA9
*FILENAME* : C:\WorkSpace\project\AirV\code\stu\stepmotor1\Objects\stepmotor1.hex
*FILETIME* : 2023年08月14日, 16:20:11
*FILESIZE* : 106 (0x00006A)
*CODESIZE* : 2072 (0x000818)
*CHECKSUM* : 0x000800A7
*ISPMODE* : 2
*ISPRESULT* : 0
--------------------
[2023-08-14 16:20:36] : End
--------------------------------------------------
[2023-08-14 16:23:35] : Begin
--------------------
*MCUTYPE* : STC89C52RC/LE52RC
*MCUID* : F002C5290E7AA9
*FILENAME* : C:\WorkSpace\project\AirV\code\stu\stepmotor1\Objects\stepmotor1.hex
*FILETIME* : 2023年08月14日, 16:23:18
*FILESIZE* : 449 (0x0001C1)
*CODESIZE* : 2185 (0x000889)
*CHECKSUM* : 0x000831E3
*ISPMODE* : 2
*ISPRESULT* : 0
--------------------
[2023-08-14 16:23:42] : End
--------------------------------------------------
[2023-08-14 16:25:12] : Begin
--------------------
*MCUTYPE* : STC89C52RC/LE52RC
*MCUID* : F002C5290E7AA9
*FILENAME* : C:\WorkSpace\project\AirV\code\stu\stepmotor1\Objects\stepmotor1.hex
*FILETIME* : 2023年08月14日, 16:25:03
*FILESIZE* : 570 (0x00023A)
*CODESIZE* : 2226 (0x0008B2)
*CHECKSUM* : 0x0008456E
*ISPMODE* : 2
*ISPRESULT* : 0
--------------------
[2023-08-14 16:25:23] : End
--------------------------------------------------
[2023-08-14 16:26:58] : Begin
--------------------
*MCUTYPE* : STC89C52RC/LE52RC
*MCUID* : F002C5290E7AA9
*FILENAME* : C:\WorkSpace\project\AirV\code\stu\stepmotor1\Objects\stepmotor1.hex
*FILETIME* : 2023年08月14日, 16:26:37
*FILESIZE* : 560 (0x000230)
*CODESIZE* : 2221 (0x0008AD)
*CHECKSUM* : 0x000842CE
*ISPMODE* : 2
*ISPRESULT* : 0
--------------------
[2023-08-14 16:27:08] : End
--------------------------------------------------
[2023-08-14 16:43:11] : Begin
--------------------
*MCUTYPE* : STC89C52RC/LE52RC
*MCUID* : F002C5290E7AA9
*FILENAME* : C:\WorkSpace\project\AirV\code\stu\stepmotor1\Objects\stepmotor1.hex
*FILETIME* : 2023年08月14日, 16:43:04
*FILESIZE* : 605 (0x00025D)
*CODESIZE* : 2221 (0x0008AD)
*CHECKSUM* : 0x000842CE
*ISPMODE* : 2
*ISPRESULT* : 0
--------------------
[2023-08-14 16:43:22] : End
--------------------------------------------------
[2023-08-14 16:45:11] : Begin
--------------------
*MCUTYPE* : STC89C52RC/LE52RC
*MCUID* : F002C5290E7AA9
*FILENAME* : C:\WorkSpace\project\AirV\code\stu\stepmotor1\Objects\stepmotor1.hex
*FILETIME* : 2023年08月14日, 16:44:54
*FILESIZE* : 560 (0x000230)
*CODESIZE* : 2237 (0x0008BD)
*CHECKSUM* : 0x00084918
*ISPMODE* : 2
*ISPRESULT* : 0
--------------------
[2023-08-14 16:45:23] : End
--------------------------------------------------
[2023-08-14 16:45:55] : Begin
--------------------
*MCUTYPE* : STC89C52RC/LE52RC
*MCUID* : F002C5290E7AA9
*FILENAME* : C:\WorkSpace\project\AirV\code\stu\stepmotor1\Objects\stepmotor1.hex
*FILETIME* : 2023年08月14日, 16:45:47
*FILESIZE* : 570 (0x00023A)
*CODESIZE* : 2226 (0x0008B2)
*CHECKSUM* : 0x0008456E
*ISPMODE* : 2
*ISPRESULT* : 0
--------------------
[2023-08-14 16:46:03] : End
--------------------------------------------------
[2023-08-14 16:50:55] : Begin
--------------------
*MCUTYPE* : STC89C52RC/LE52RC
*MCUID* : F002C5290E7AA9
*FILENAME* : C:\WorkSpace\project\AirV\code\stu\stepmotor1\Objects\stepmotor1.hex
*FILETIME* : 2023年08月14日, 16:50:48
*FILESIZE* : 644 (0x000284)
*CODESIZE* : 2250 (0x0008CA)
*CHECKSUM* : 0x00084DDB
*ISPMODE* : 2
*ISPRESULT* : 0
--------------------
[2023-08-14 16:51:08] : End
--------------------------------------------------
[2023-08-14 16:53:25] : Begin
--------------------
*MCUTYPE* : STC89C52RC/LE52RC
*FILENAME* : C:\WorkSpace\project\AirV\code\stu\stepmotor1\Objects\stepmotor1.hex
*FILETIME* : 2023年08月14日, 16:53:18
*FILESIZE* : 648 (0x000288)
*CODESIZE* : 2252 (0x0008CC)
*CHECKSUM* : 0x00084FBE
*ISPMODE* : 2
*ISPRESULT* : 3
--------------------
[2023-08-14 16:54:52] : End
--------------------------------------------------
[2023-08-14 16:54:59] : Begin
--------------------
*MCUTYPE* : STC89C52RC/LE52RC
*MCUID* : F002C5290E7AA9
*FILENAME* : C:\WorkSpace\project\AirV\code\stu\stepmotor1\Objects\stepmotor1.hex
*FILETIME* : 2023年08月14日, 16:54:28
*FILESIZE* : 621 (0x00026D)
*CODESIZE* : 2245 (0x0008C5)
*CHECKSUM* : 0x00084BF6
*ISPMODE* : 2
*ISPRESULT* : 0
--------------------
[2023-08-14 16:55:09] : End
--------------------------------------------------
[2023-08-14 16:55:51] : Begin
--------------------
*MCUTYPE* : STC89C52RC/LE52RC
*MCUID* : F002C5290E7AA9
*FILENAME* : C:\WorkSpace\project\AirV\code\stu\stepmotor1\Objects\stepmotor1.hex
*FILETIME* : 2023年08月14日, 16:55:43
*FILESIZE* : 648 (0x000288)
*CODESIZE* : 2252 (0x0008CC)
*CHECKSUM* : 0x00084FBE
*ISPMODE* : 2
*ISPRESULT* : 0
--------------------
[2023-08-14 16:56:10] : End
--------------------------------------------------
[2023-08-14 16:57:53] : Begin
--------------------
*MCUTYPE* : STC89C52RC/LE52RC
*MCUID* : F002C5290E7AA9
*FILENAME* : C:\WorkSpace\project\AirV\code\stu\stepmotor1\Objects\stepmotor1.hex
*FILETIME* : 2023年08月14日, 16:57:45
*FILESIZE* : 648 (0x000288)
*CODESIZE* : 2252 (0x0008CC)
*CHECKSUM* : 0x00084F4D
*ISPMODE* : 2
*ISPRESULT* : 0
--------------------
[2023-08-14 16:58:02] : End
--------------------------------------------------
[2023-08-14 16:58:40] : Begin
--------------------
*MCUTYPE* : STC89C52RC/LE52RC
*MCUID* : F002C5290E7AA9
*FILENAME* : C:\WorkSpace\project\AirV\code\stu\stepmotor1\Objects\stepmotor1.hex
*FILETIME* : 2023年08月14日, 16:58:32
*FILESIZE* : 648 (0x000288)
*CODESIZE* : 2252 (0x0008CC)
*CHECKSUM* : 0x00084F00
*ISPMODE* : 2
*ISPRESULT* : 0
--------------------
[2023-08-14 16:58:51] : End
--------------------------------------------------
[2023-08-14 18:03:59] : Begin
--------------------
*MCUTYPE* : STC89C52RC/LE52RC
*MCUID* : F002C5290E7AA9
*FILENAME* : C:\WorkSpace\project\AirV\code\stu\TM1637\Objects\tm1637.hex
*FILETIME* : 2023年08月14日, 18:02:49
*FILESIZE* : 1571 (0x000623)
*CODESIZE* : 2554 (0x0009FA)
*CHECKSUM* : 0x0008C3A3
*ISPMODE* : 2
*ISPRESULT* : 0
--------------------
[2023-08-14 18:04:08] : End
--------------------------------------------------
[2023-08-14 18:10:11] : Begin
--------------------
*MCUTYPE* : STC89C52RC/LE52RC
*MCUID* : F002C5290E7AA9
*FILENAME* : C:\WorkSpace\project\AirV\code\stu\TM1637\Objects\tm1637.hex
*FILETIME* : 2023年08月14日, 18:07:52
*FILESIZE* : 1317 (0x000525)
*CODESIZE* : 2466 (0x0009A2)
*CHECKSUM* : 0x00089E79
*ISPMODE* : 2
*ISPRESULT* : 0
--------------------
[2023-08-14 18:10:22] : End
--------------------------------------------------
[2023-08-14 20:34:08] : Begin
--------------------
*MCUTYPE* : STC89C52RC/LE52RC
*MCUID* : F002C5290E7AA9
*FILENAME* : C:\WorkSpace\project\AirV\code\stu\TM1637\Objects\tm1637.hex
*FILETIME* : 2023年08月14日, 20:33:42
*FILESIZE* : 1491 (0x0005D3)
*CODESIZE* : 2511 (0x0009CF)
*CHECKSUM* : 0x0008B603
*ISPMODE* : 2
*ISPRESULT* : 0
--------------------
[2023-08-14 20:34:16] : End
--------------------------------------------------
[2023-08-14 20:35:18] : Begin
--------------------
*MCUTYPE* : STC89C52RC/LE52RC
*MCUID* : F002C5290E7AA9
*FILENAME* : C:\WorkSpace\project\AirV\code\stu\TM1637\Objects\tm1637.hex
*FILETIME* : 2023年08月14日, 20:35:10
*FILESIZE* : 1491 (0x0005D3)
*CODESIZE* : 2511 (0x0009CF)
*CHECKSUM* : 0x0008B605
*ISPMODE* : 2
*ISPRESULT* : 0
--------------------
[2023-08-14 20:35:27] : End
--------------------------------------------------
[2023-08-14 20:36:10] : Begin
--------------------
*MCUTYPE* : STC89C52RC/LE52RC
*MCUID* : F002C5290E7AA9
*FILENAME* : C:\WorkSpace\project\AirV\code\stu\TM1637\Objects\tm1637.hex
*FILETIME* : 2023年08月14日, 20:36:04
*FILESIZE* : 1491 (0x0005D3)
*CODESIZE* : 2511 (0x0009CF)
*CHECKSUM* : 0x0008B551
*ISPMODE* : 2
*ISPRESULT* : 0
--------------------
[2023-08-14 20:36:19] : End
--------------------------------------------------
[2023-08-14 20:38:20] : Begin
--------------------
*MCUTYPE* : STC89C52RC/LE52RC
*MCUID* : F002C5290E7AA9
*FILENAME* : C:\WorkSpace\project\AirV\code\stu\TM1637\Objects\tm1637.hex
*FILETIME* : 2023年08月14日, 20:38:11
*FILESIZE* : 1491 (0x0005D3)
*CODESIZE* : 2511 (0x0009CF)
*CHECKSUM* : 0x0008B58C
*ISPMODE* : 2
*ISPRESULT* : 0
--------------------
[2023-08-14 20:38:34] : End
--------------------------------------------------
[2023-08-14 20:40:45] : Begin
--------------------
*MCUTYPE* : STC89C52RC/LE52RC
*MCUID* : F002C5290E7AA9
*FILENAME* : C:\WorkSpace\project\AirV\code\stu\TM1637\Objects\tm1637.hex
*FILETIME* : 2023年08月14日, 20:40:33
*FILESIZE* : 1491 (0x0005D3)
*CODESIZE* : 2511 (0x0009CF)
*CHECKSUM* : 0x0008B6A6
*ISPMODE* : 2
*ISPRESULT* : 0
--------------------
[2023-08-14 20:40:53] : End
--------------------------------------------------
